# JRE version: Java(TM) SE Runtime Environment (8.0_111-b14) (build 1.8.0_111-b14)
# Java VM: Java HotSpot(TM) 64-Bit Server VM (25.111-b14 mixed mode linux-amd64 compressed oops)
Heap:
 def new generation   total 19776K, used 11345K [0x00000000e0a00000, 0x00000000e1f70000, 0x00000000eb150000)
  eden space 17600K,  59% used [0x00000000e0a00000, 0x00000000e142f320, 0x00000000e1b30000)
  from space 2176K,  42% used [0x00000000e1b30000, 0x00000000e1c15398, 0x00000000e1d50000)
  to   space 2176K,   0% used [0x00000000e1d50000, 0x00000000e1d50000, 0x00000000e1f70000)
 tenured generation   total 43888K, used 30864K [0x00000000eb150000, 0x00000000edc2c000, 0x0000000100000000)
   the space 43888K,  70% used [0x00000000eb150000, 0x00000000ecf742a0, 0x00000000ecf74400, 0x00000000edc2c000)
 Metaspace       used 24999K, capacity 25588K, committed 25776K, reserved 1071104K
  class space    used 2946K, capacity 3128K, committed 3248K, reserved 1048576K
GC Heap History (10 events):
Event: 22.140 GC heap before
{Heap before GC invocations=36 (full 1):
 def new generation   total 11520K, used 10295K [0x00000000e0a00000, 0x00000000e1680000, 0x00000000eb150000)
  eden space 10240K, 100% used [0x00000000e0a00000, 0x00000000e1400000, 0x00000000e1400000)
  from space 1280K,   4% used [0x00000000e1540000, 0x00000000e154dfb8, 0x00000000e1680000)
  to   space 1280K,   0% used [0x00000000e1400000, 0x00000000e1400000, 0x00000000e1540000)
 tenured generation   total 25564K, used 15904K [0x00000000eb150000, 0x00000000eca47000, 0x0000000100000000)
   the space 25564K,  62% used [0x00000000eb150000, 0x00000000ec0d80d8, 0x00000000ec0d8200, 0x00000000eca47000)
 Metaspace       used 22818K, capacity 23444K, committed 23728K, reserved 1071104K
  class space    used 2725K, capacity 2904K, committed 2992K, reserved 1048576K
Event: 22.143 GC heap after
Heap after GC invocations=37 (full 1):
 def new generation   total 11520K, used 1280K [0x00000000e0a00000, 0x00000000e1680000, 0x00000000eb150000)
  eden space 10240K,   0% used [0x00000000e0a00000, 0x00000000e0a00000, 0x00000000e1400000)
  from space 1280K, 100% used [0x00000000e1400000, 0x00000000e1540000, 0x00000000e1540000)
  to   space 1280K,   0% used [0x00000000e1540000, 0x00000000e1540000, 0x00000000e1680000)
 tenured generation   total 25564K, used 16645K [0x00000000eb150000, 0x00000000eca47000, 0x0000000100000000)
   the space 25564K,  65% used [0x00000000eb150000, 0x00000000ec191400, 0x00000000ec191400, 0x00000000eca47000)
 Metaspace       used 22818K, capacity 23444K, committed 23728K, reserved 1071104K
  class space    used 2725K, capacity 2904K, committed 2992K, reserved 1048576K
}
Event: 22.628 GC heap before
{Heap before GC invocations=37 (full 1):
 def new generation   total 11520K, used 11520K [0x00000000e0a00000, 0x00000000e1680000, 0x00000000eb150000)
  eden space 10240K, 100% used [0x00000000e0a00000, 0x00000000e1400000, 0x00000000e1400000)
  from space 1280K, 100% used [0x00000000e1400000, 0x00000000e1540000, 0x00000000e1540000)
  to   space 1280K,   0% used [0x00000000e1540000, 0x00000000e1540000, 0x00000000e1680000)
 tenured generation   total 25564K, used 16645K [0x00000000eb150000, 0x00000000eca47000, 0x0000000100000000)
   the space 25564K,  65% used [0x00000000eb150000, 0x00000000ec191400, 0x00000000ec191400, 0x00000000eca47000)
 Metaspace       used 23183K, capacity 23796K, committed 23984K, reserved 1071104K
  class space    used 2754K, capacity 2936K, committed 2992K, reserved 1048576K
Event: 22.642 GC heap after
Heap after GC invocations=38 (full 1):
 def new generation   total 11520K, used 1280K [0x00000000e0a00000, 0x00000000e1680000, 0x00000000eb150000)
  eden space 10240K,   0% used [0x00000000e0a00000, 0x00000000e0a00000, 0x00000000e1400000)
  from space 1280K, 100% used [0x00000000e1540000, 0x00000000e1680000, 0x00000000e1680000)
  to   space 1280K,   0% used [0x00000000e1400000, 0x00000000e1400000, 0x00000000e1540000)
 tenured generation   total 25564K, used 20897K [0x00000000eb150000, 0x00000000eca47000, 0x0000000100000000)
   the space 25564K,  81% used [0x00000000eb150000, 0x00000000ec5b86d8, 0x00000000ec5b8800, 0x00000000eca47000)
 Metaspace       used 23183K, capacity 23796K, committed 23984K, reserved 1071104K
  class space    used 2754K, capacity 2936K, committed 2992K, reserved 1048576K
}
Event: 23.304 GC heap before
{Heap before GC invocations=38 (full 1):
 def new generation   total 11520K, used 11520K [0x00000000e0a00000, 0x00000000e1680000, 0x00000000eb150000)
  eden space 10240K, 100% used [0x00000000e0a00000, 0x00000000e1400000, 0x00000000e1400000)
  from space 1280K, 100% used [0x00000000e1540000, 0x00000000e1680000, 0x00000000e1680000)
  to   space 1280K,   0% used [0x00000000e1400000, 0x00000000e1400000, 0x00000000e1540000)
 tenured generation   total 25564K, used 20897K [0x00000000eb150000, 0x00000000eca47000, 0x0000000100000000)
   the space 25564K,  81% used [0x00000000eb150000, 0x00000000ec5b86d8, 0x00000000ec5b8800, 0x00000000eca47000)
 Metaspace       used 23184K, capacity 23796K, committed 23984K, reserved 1071104K
  class space    used 2754K, capacity 2936K, committed 2992K, reserved 1048576K
Event: 23.367 GC heap after
Heap after GC invocations=39 (full 2):
 def new generation   total 19776K, used 522K [0x00000000e0a00000, 0x00000000e1f70000, 0x00000000eb150000)
  eden space 17600K,   2% used [0x00000000e0a00000, 0x00000000e0a828e0, 0x00000000e1b30000)
  from space 2176K,   0% used [0x00000000e1b30000, 0x00000000e1b30000, 0x00000000e1d50000)
  to   space 2176K,   0% used [0x00000000e1d50000, 0x00000000e1d50000, 0x00000000e1f70000)
 tenured generation   total 43888K, used 26332K [0x00000000eb150000, 0x00000000edc2c000, 0x0000000100000000)
   the space 43888K,  59% used [0x00000000eb150000, 0x00000000ecb07000, 0x00000000ecb07000, 0x00000000edc2c000)
 Metaspace       used 23184K, capacity 23796K, committed 23984K, reserved 1071104K
  class space    used 2754K, capacity 2936K, committed 2992K, reserved 1048576K
}
Event: 24.016 GC heap before
{Heap before GC invocations=39 (full 2):
 def new generation   total 19776K, used 17600K [0x00000000e0a00000, 0x00000000e1f70000, 0x00000000eb150000)
  eden space 17600K, 100% used [0x00000000e0a00000, 0x00000000e1b30000, 0x00000000e1b30000)
  from space 2176K,   0% used [0x00000000e1b30000, 0x00000000e1b30000, 0x00000000e1d50000)
  to   space 2176K,   0% used [0x00000000e1d50000, 0x00000000e1d50000, 0x00000000e1f70000)
 tenured generation   total 43888K, used 26332K [0x00000000eb150000, 0x00000000edc2c000, 0x0000000100000000)
   the space 43888K,  59% used [0x00000000eb150000, 0x00000000ecb07000, 0x00000000ecb07000, 0x00000000edc2c000)
 Metaspace       used 24174K, capacity 24788K, committed 25136K, reserved 1071104K
  class space    used 2856K, capacity 3032K, committed 3120K, reserved 1048576K
Event: 24.038 GC heap after
Heap after GC invocations=40 (full 2):
 def new generation   total 19776K, used 2176K [0x00000000e0a00000, 0x00000000e1f70000, 0x00000000eb150000)
  eden space 17600K,   0% used [0x00000000e0a00000, 0x00000000e0a00000, 0x00000000e1b30000)
  from space 2176K, 100% used [0x00000000e1d50000, 0x00000000e1f70000, 0x00000000e1f70000)
  to   space 2176K,   0% used [0x00000000e1b30000, 0x00000000e1b30000, 0x00000000e1d50000)
 tenured generation   total 43888K, used 28699K [0x00000000eb150000, 0x00000000edc2c000, 0x0000000100000000)
   the space 43888K,  65% used [0x00000000eb150000, 0x00000000ecd56fb8, 0x00000000ecd57000, 0x00000000edc2c000)
 Metaspace       used 24174K, capacity 24788K, committed 25136K, reserved 1071104K
  class space    used 2856K, capacity 3032K, committed 3120K, reserved 1048576K
}
Event: 24.929 GC heap before
{Heap before GC invocations=40 (full 2):
 def new generation   total 19776K, used 19776K [0x00000000e0a00000, 0x00000000e1f70000, 0x00000000eb150000)
  eden space 17600K, 100% used [0x00000000e0a00000, 0x00000000e1b30000, 0x00000000e1b30000)
  from space 2176K, 100% used [0x00000000e1d50000, 0x00000000e1f70000, 0x00000000e1f70000)
  to   space 2176K,   0% used [0x00000000e1b30000, 0x00000000e1b30000, 0x00000000e1d50000)
 tenured generation   total 43888K, used 28699K [0x00000000eb150000, 0x00000000edc2c000, 0x0000000100000000)
   the space 43888K,  65% used [0x00000000eb150000, 0x00000000ecd56fb8, 0x00000000ecd57000, 0x00000000edc2c000)
 Metaspace       used 24306K, capacity 24948K, committed 25136K, reserved 1071104K
  class space    used 2869K, capacity 3064K, committed 3120K, reserved 1048576K
Event: 24.941 GC heap after
Heap after GC invocations=41 (full 2):
 def new generation   total 19776K, used 916K [0x00000000e0a00000, 0x00000000e1f70000, 0x00000000eb150000)
  eden space 17600K,   0% used [0x00000000e0a00000, 0x00000000e0a00000, 0x00000000e1b30000)
  from space 2176K,  42% used [0x00000000e1b30000, 0x00000000e1c15398, 0x00000000e1d50000)
  to   space 2176K,   0% used [0x00000000e1d50000, 0x00000000e1d50000, 0x00000000e1f70000)
 tenured generation   total 43888K, used 30864K [0x00000000eb150000, 0x00000000edc2c000, 0x0000000100000000)
   the space 43888K,  70% used [0x00000000eb150000, 0x00000000ecf742a0, 0x00000000ecf74400, 0x00000000edc2c000)
 Metaspace       used 24306K, capacity 24948K, committed 25136K, reserved 1071104K
  class space    used 2869K, capacity 3064K, committed 3120K, reserved 1048576K
}

