# JRE version: Java(TM) SE Runtime Environment (8.0_111-b14) (build 1.8.0_111-b14)
# Java VM: Java HotSpot(TM) 64-Bit Server VM (25.111-b14 mixed mode linux-amd64 compressed oops)
Heap:
 def new generation   total 9792K, used 8890K [0x00000000e0a00000, 0x00000000e14a0000, 0x00000000eb150000)
  eden space 8704K,  92% used [0x00000000e0a00000, 0x00000000e11da180, 0x00000000e1280000)
  from space 1088K,  78% used [0x00000000e1390000, 0x00000000e14646d0, 0x00000000e14a0000)
  to   space 1088K,   0% used [0x00000000e1280000, 0x00000000e1280000, 0x00000000e1390000)
 tenured generation   total 21888K, used 2338K [0x00000000eb150000, 0x00000000ec6b0000, 0x0000000100000000)
   the space 21888K,  10% used [0x00000000eb150000, 0x00000000eb398878, 0x00000000eb398a00, 0x00000000ec6b0000)
 Metaspace       used 10161K, capacity 10244K, committed 10496K, reserved 1058816K
  class space    used 1225K, capacity 1264K, committed 1280K, reserved 1048576K
GC Heap History (10 events):
Event: 1.967 GC heap before
{Heap before GC invocations=0 (full 0):
 def new generation   total 9792K, used 8704K [0x00000000e0a00000, 0x00000000e14a0000, 0x00000000eb150000)
  eden space 8704K, 100% used [0x00000000e0a00000, 0x00000000e1280000, 0x00000000e1280000)
  from space 1088K,   0% used [0x00000000e1280000, 0x00000000e1280000, 0x00000000e1390000)
  to   space 1088K,   0% used [0x00000000e1390000, 0x00000000e1390000, 0x00000000e14a0000)
 tenured generation   total 21888K, used 0K [0x00000000eb150000, 0x00000000ec6b0000, 0x0000000100000000)
   the space 21888K,   0% used [0x00000000eb150000, 0x00000000eb150000, 0x00000000eb150200, 0x00000000ec6b0000)
 Metaspace       used 3847K, capacity 4940K, committed 5120K, reserved 1056768K
  class space    used 432K, capacity 456K, committed 512K, reserved 1048576K
Event: 1.974 GC heap after
Heap after GC invocations=1 (full 0):
 def new generation   total 9792K, used 1088K [0x00000000e0a00000, 0x00000000e14a0000, 0x00000000eb150000)
  eden space 8704K,   0% used [0x00000000e0a00000, 0x00000000e0a00000, 0x00000000e1280000)
  from space 1088K, 100% used [0x00000000e1390000, 0x00000000e14a0000, 0x00000000e14a0000)
  to   space 1088K,   0% used [0x00000000e1280000, 0x00000000e1280000, 0x00000000e1390000)
 tenured generation   total 21888K, used 491K [0x00000000eb150000, 0x00000000ec6b0000, 0x0000000100000000)
   the space 21888K,   2% used [0x00000000eb150000, 0x00000000eb1cacb8, 0x00000000eb1cae00, 0x00000000ec6b0000)
 Metaspace       used 3847K, capacity 4940K, committed 5120K, reserved 1056768K
  class space    used 432K, capacity 456K, committed 512K, reserved 1048576K
}
Event: 3.436 GC heap before
{Heap before GC invocations=1 (full 0):
 def new generation   total 9792K, used 9792K [0x00000000e0a00000, 0x00000000e14a0000, 0x00000000eb150000)
  eden space 8704K, 100% used [0x00000000e0a00000, 0x00000000e1280000, 0x00000000e1280000)
  from space 1088K, 100% used [0x00000000e1390000, 0x00000000e14a0000, 0x00000000e14a0000)
  to   space 1088K,   0% used [0x00000000e1280000, 0x00000000e1280000, 0x00000000e1390000)
 tenured generation   total 21888K, used 491K [0x00000000eb150000, 0x00000000ec6b0000, 0x0000000100000000)
   the space 21888K,   2% used [0x00000000eb150000, 0x00000000eb1cacb8, 0x00000000eb1cae00, 0x00000000ec6b0000)
 Metaspace       used 6084K, capacity 6180K, committed 6400K, reserved 1056768K
  class space    used 699K, capacity 720K, committed 768K, reserved 1048576K
Event: 3.448 GC heap after
Heap after GC invocations=2 (full 0):
 def new generation   total 9792K, used 954K [0x00000000e0a00000, 0x00000000e14a0000, 0x00000000eb150000)
  eden space 8704K,   0% used [0x00000000e0a00000, 0x00000000e0a00000, 0x00000000e1280000)
  from space 1088K,  87% used [0x00000000e1280000, 0x00000000e136e860, 0x00000000e1390000)
  to   space 1088K,   0% used [0x00000000e1390000, 0x00000000e1390000, 0x00000000e14a0000)
 tenured generation   total 21888K, used 1314K [0x00000000eb150000, 0x00000000ec6b0000, 0x0000000100000000)
   the space 21888K,   6% used [0x00000000eb150000, 0x00000000eb2989f0, 0x00000000eb298a00, 0x00000000ec6b0000)
 Metaspace       used 6084K, capacity 6180K, committed 6400K, reserved 1056768K
  class space    used 699K, capacity 720K, committed 768K, reserved 1048576K
}
Event: 4.239 GC heap before
{Heap before GC invocations=2 (full 0):
 def new generation   total 9792K, used 9658K [0x00000000e0a00000, 0x00000000e14a0000, 0x00000000eb150000)
  eden space 8704K, 100% used [0x00000000e0a00000, 0x00000000e1280000, 0x00000000e1280000)
  from space 1088K,  87% used [0x00000000e1280000, 0x00000000e136e860, 0x00000000e1390000)
  to   space 1088K,   0% used [0x00000000e1390000, 0x00000000e1390000, 0x00000000e14a0000)
 tenured generation   total 21888K, used 1314K [0x00000000eb150000, 0x00000000ec6b0000, 0x0000000100000000)
   the space 21888K,   6% used [0x00000000eb150000, 0x00000000eb2989f0, 0x00000000eb298a00, 0x00000000ec6b0000)
 Metaspace       used 7379K, capacity 7492K, committed 7552K, reserved 1056768K
  class space    used 855K, capacity 880K, committed 896K, reserved 1048576K
Event: 4.243 GC heap after
Heap after GC invocations=3 (full 0):
 def new generation   total 9792K, used 725K [0x00000000e0a00000, 0x00000000e14a0000, 0x00000000eb150000)
  eden space 8704K,   0% used [0x00000000e0a00000, 0x00000000e0a00000, 0x00000000e1280000)
  from space 1088K,  66% used [0x00000000e1390000, 0x00000000e14456b0, 0x00000000e14a0000)
  to   space 1088K,   0% used [0x00000000e1280000, 0x00000000e1280000, 0x00000000e1390000)
 tenured generation   total 21888K, used 1764K [0x00000000eb150000, 0x00000000ec6b0000, 0x0000000100000000)
   the space 21888K,   8% used [0x00000000eb150000, 0x00000000eb3093b0, 0x00000000eb309400, 0x00000000ec6b0000)
 Metaspace       used 7379K, capacity 7492K, committed 7552K, reserved 1056768K
  class space    used 855K, capacity 880K, committed 896K, reserved 1048576K
}
Event: 5.680 GC heap before
{Heap before GC invocations=3 (full 0):
 def new generation   total 9792K, used 9429K [0x00000000e0a00000, 0x00000000e14a0000, 0x00000000eb150000)
  eden space 8704K, 100% used [0x00000000e0a00000, 0x00000000e1280000, 0x00000000e1280000)
  from space 1088K,  66% used [0x00000000e1390000, 0x00000000e14456b0, 0x00000000e14a0000)
  to   space 1088K,   0% used [0x00000000e1280000, 0x00000000e1280000, 0x00000000e1390000)
 tenured generation   total 21888K, used 1764K [0x00000000eb150000, 0x00000000ec6b0000, 0x0000000100000000)
   the space 21888K,   8% used [0x00000000eb150000, 0x00000000eb3093b0, 0x00000000eb309400, 0x00000000ec6b0000)
 Metaspace       used 8688K, capacity 8836K, committed 9088K, reserved 1056768K
  class space    used 1030K, capacity 1072K, committed 1152K, reserved 1048576K
Event: 5.683 GC heap after
Heap after GC invocations=4 (full 0):
 def new generation   total 9792K, used 837K [0x00000000e0a00000, 0x00000000e14a0000, 0x00000000eb150000)
  eden space 8704K,   0% used [0x00000000e0a00000, 0x00000000e0a00000, 0x00000000e1280000)
  from space 1088K,  76% used [0x00000000e1280000, 0x00000000e1351518, 0x00000000e1390000)
  to   space 1088K,   0% used [0x00000000e1390000, 0x00000000e1390000, 0x00000000e14a0000)
 tenured generation   total 21888K, used 1987K [0x00000000eb150000, 0x00000000ec6b0000, 0x0000000100000000)
   the space 21888K,   9% used [0x00000000eb150000, 0x00000000eb340df0, 0x00000000eb340e00, 0x00000000ec6b0000)
 Metaspace       used 8688K, capacity 8836K, committed 9088K, reserved 1056768K
  class space    used 1030K, capacity 1072K, committed 1152K, reserved 1048576K
}
Event: 6.388 GC heap before
{Heap before GC invocations=4 (full 0):
 def new generation   total 9792K, used 9541K [0x00000000e0a00000, 0x00000000e14a0000, 0x00000000eb150000)
  eden space 8704K, 100% used [0x00000000e0a00000, 0x00000000e1280000, 0x00000000e1280000)
  from space 1088K,  76% used [0x00000000e1280000, 0x00000000e1351518, 0x00000000e1390000)
  to   space 1088K,   0% used [0x00000000e1390000, 0x00000000e1390000, 0x00000000e14a0000)
 tenured generation   total 21888K, used 1987K [0x00000000eb150000, 0x00000000ec6b0000, 0x0000000100000000)
   the space 21888K,   9% used [0x00000000eb150000, 0x00000000eb340df0, 0x00000000eb340e00, 0x00000000ec6b0000)
 Metaspace       used 9567K, capacity 9668K, committed 9984K, reserved 1058816K
  class space    used 1152K, capacity 1200K, committed 1280K, reserved 1048576K
Event: 6.392 GC heap after
Heap after GC invocations=5 (full 0):
 def new generation   total 9792K, used 849K [0x00000000e0a00000, 0x00000000e14a0000, 0x00000000eb150000)
  eden space 8704K,   0% used [0x00000000e0a00000, 0x00000000e0a00000, 0x00000000e1280000)
  from space 1088K,  78% used [0x00000000e1390000, 0x00000000e14646d0, 0x00000000e14a0000)
  to   space 1088K,   0% used [0x00000000e1280000, 0x00000000e1280000, 0x00000000e1390000)
 tenured generation   total 21888K, used 2338K [0x00000000eb150000, 0x00000000ec6b0000, 0x0000000100000000)
   the space 21888K,  10% used [0x00000000eb150000, 0x00000000eb398878, 0x00000000eb398a00, 0x00000000ec6b0000)
 Metaspace       used 9567K, capacity 9668K, committed 9984K, reserved 1058816K
  class space    used 1152K, capacity 1200K, committed 1280K, reserved 1048576K
}

