# JRE version: Java(TM) SE Runtime Environment (8.0_111-b14) (build 1.8.0_111-b14)
# Java VM: Java HotSpot(TM) 64-Bit Server VM (25.111-b14 mixed mode linux-amd64 compressed oops)
Heap:
 def new generation   total 9792K, used 8473K [0x00000000e0a00000, 0x00000000e14a0000, 0x00000000eb150000)
  eden space 8704K,  89% used [0x00000000e0a00000, 0x00000000e11a0110, 0x00000000e1280000)
  from space 1088K,  61% used [0x00000000e1390000, 0x00000000e1436658, 0x00000000e14a0000)
  to   space 1088K,   0% used [0x00000000e1280000, 0x00000000e1280000, 0x00000000e1390000)
 tenured generation   total 21888K, used 2036K [0x00000000eb150000, 0x00000000ec6b0000, 0x0000000100000000)
   the space 21888K,   9% used [0x00000000eb150000, 0x00000000eb34d128, 0x00000000eb34d200, 0x00000000ec6b0000)
 Metaspace       used 9900K, capacity 9962K, committed 10112K, reserved 1058816K
  class space    used 1243K, capacity 1297K, committed 1408K, reserved 1048576K
GC Heap History (10 events):
Event: 1.271 GC heap before
{Heap before GC invocations=0 (full 0):
 def new generation   total 9792K, used 8704K [0x00000000e0a00000, 0x00000000e14a0000, 0x00000000eb150000)
  eden space 8704K, 100% used [0x00000000e0a00000, 0x00000000e1280000, 0x00000000e1280000)
  from space 1088K,   0% used [0x00000000e1280000, 0x00000000e1280000, 0x00000000e1390000)
  to   space 1088K,   0% used [0x00000000e1390000, 0x00000000e1390000, 0x00000000e14a0000)
 tenured generation   total 21888K, used 0K [0x00000000eb150000, 0x00000000ec6b0000, 0x0000000100000000)
   the space 21888K,   0% used [0x00000000eb150000, 0x00000000eb150000, 0x00000000eb150200, 0x00000000ec6b0000)
 Metaspace       used 4073K, capacity 4980K, committed 5120K, reserved 1056768K
  class space    used 474K, capacity 496K, committed 512K, reserved 1048576K
Event: 1.275 GC heap after
Heap after GC invocations=1 (full 0):
 def new generation   total 9792K, used 1088K [0x00000000e0a00000, 0x00000000e14a0000, 0x00000000eb150000)
  eden space 8704K,   0% used [0x00000000e0a00000, 0x00000000e0a00000, 0x00000000e1280000)
  from space 1088K, 100% used [0x00000000e1390000, 0x00000000e14a0000, 0x00000000e14a0000)
  to   space 1088K,   0% used [0x00000000e1280000, 0x00000000e1280000, 0x00000000e1390000)
 tenured generation   total 21888K, used 463K [0x00000000eb150000, 0x00000000ec6b0000, 0x0000000100000000)
   the space 21888K,   2% used [0x00000000eb150000, 0x00000000eb1c3dc8, 0x00000000eb1c3e00, 0x00000000ec6b0000)
 Metaspace       used 4073K, capacity 4980K, committed 5120K, reserved 1056768K
  class space    used 474K, capacity 496K, committed 512K, reserved 1048576K
}
Event: 1.821 GC heap before
{Heap before GC invocations=1 (full 0):
 def new generation   total 9792K, used 9792K [0x00000000e0a00000, 0x00000000e14a0000, 0x00000000eb150000)
  eden space 8704K, 100% used [0x00000000e0a00000, 0x00000000e1280000, 0x00000000e1280000)
  from space 1088K, 100% used [0x00000000e1390000, 0x00000000e14a0000, 0x00000000e14a0000)
  to   space 1088K,   0% used [0x00000000e1280000, 0x00000000e1280000, 0x00000000e1390000)
 tenured generation   total 21888K, used 463K [0x00000000eb150000, 0x00000000ec6b0000, 0x0000000100000000)
   the space 21888K,   2% used [0x00000000eb150000, 0x00000000eb1c3dc8, 0x00000000eb1c3e00, 0x00000000ec6b0000)
 Metaspace       used 5173K, capacity 5530K, committed 5888K, reserved 1056768K
  class space    used 626K, capacity 657K, committed 768K, reserved 1048576K
Event: 1.823 GC heap after
Heap after GC invocations=2 (full 0):
 def new generation   total 9792K, used 578K [0x00000000e0a00000, 0x00000000e14a0000, 0x00000000eb150000)
  eden space 8704K,   0% used [0x00000000e0a00000, 0x00000000e0a00000, 0x00000000e1280000)
  from space 1088K,  53% used [0x00000000e1280000, 0x00000000e1310b20, 0x00000000e1390000)
  to   space 1088K,   0% used [0x00000000e1390000, 0x00000000e1390000, 0x00000000e14a0000)
 tenured generation   total 21888K, used 1304K [0x00000000eb150000, 0x00000000ec6b0000, 0x0000000100000000)
   the space 21888K,   5% used [0x00000000eb150000, 0x00000000eb296250, 0x00000000eb296400, 0x00000000ec6b0000)
 Metaspace       used 5173K, capacity 5530K, committed 5888K, reserved 1056768K
  class space    used 626K, capacity 657K, committed 768K, reserved 1048576K
}
Event: 2.298 GC heap before
{Heap before GC invocations=2 (full 0):
 def new generation   total 9792K, used 9269K [0x00000000e0a00000, 0x00000000e14a0000, 0x00000000eb150000)
  eden space 8704K,  99% used [0x00000000e0a00000, 0x00000000e127ccb0, 0x00000000e1280000)
  from space 1088K,  53% used [0x00000000e1280000, 0x00000000e1310b20, 0x00000000e1390000)
  to   space 1088K,   0% used [0x00000000e1390000, 0x00000000e1390000, 0x00000000e14a0000)
 tenured generation   total 21888K, used 1304K [0x00000000eb150000, 0x00000000ec6b0000, 0x0000000100000000)
   the space 21888K,   5% used [0x00000000eb150000, 0x00000000eb296250, 0x00000000eb296400, 0x00000000ec6b0000)
 Metaspace       used 6599K, capacity 6762K, committed 7040K, reserved 1056768K
  class space    used 806K, capacity 849K, committed 896K, reserved 1048576K
Event: 2.300 GC heap after
Heap after GC invocations=3 (full 0):
 def new generation   total 9792K, used 918K [0x00000000e0a00000, 0x00000000e14a0000, 0x00000000eb150000)
  eden space 8704K,   0% used [0x00000000e0a00000, 0x00000000e0a00000, 0x00000000e1280000)
  from space 1088K,  84% used [0x00000000e1390000, 0x00000000e1475910, 0x00000000e14a0000)
  to   space 1088K,   0% used [0x00000000e1280000, 0x00000000e1280000, 0x00000000e1390000)
 tenured generation   total 21888K, used 1449K [0x00000000eb150000, 0x00000000ec6b0000, 0x0000000100000000)
   the space 21888K,   6% used [0x00000000eb150000, 0x00000000eb2ba480, 0x00000000eb2ba600, 0x00000000ec6b0000)
 Metaspace       used 6599K, capacity 6762K, committed 7040K, reserved 1056768K
  class space    used 806K, capacity 849K, committed 896K, reserved 1048576K
}
Event: 3.009 GC heap before
{Heap before GC invocations=3 (full 0):
 def new generation   total 9792K, used 9622K [0x00000000e0a00000, 0x00000000e14a0000, 0x00000000eb150000)
  eden space 8704K, 100% used [0x00000000e0a00000, 0x00000000e1280000, 0x00000000e1280000)
  from space 1088K,  84% used [0x00000000e1390000, 0x00000000e1475910, 0x00000000e14a0000)
  to   space 1088K,   0% used [0x00000000e1280000, 0x00000000e1280000, 0x00000000e1390000)
 tenured generation   total 21888K, used 1449K [0x00000000eb150000, 0x00000000ec6b0000, 0x0000000100000000)
   the space 21888K,   6% used [0x00000000eb150000, 0x00000000eb2ba480, 0x00000000eb2ba600, 0x00000000ec6b0000)
 Metaspace       used 7590K, capacity 7722K, committed 7936K, reserved 1056768K
  class space    used 944K, capacity 977K, committed 1024K, reserved 1048576K
Event: 3.013 GC heap after
Heap after GC invocations=4 (full 0):
 def new generation   total 9792K, used 797K [0x00000000e0a00000, 0x00000000e14a0000, 0x00000000eb150000)
  eden space 8704K,   0% used [0x00000000e0a00000, 0x00000000e0a00000, 0x00000000e1280000)
  from space 1088K,  73% used [0x00000000e1280000, 0x00000000e13477a0, 0x00000000e1390000)
  to   space 1088K,   0% used [0x00000000e1390000, 0x00000000e1390000, 0x00000000e14a0000)
 tenured generation   total 21888K, used 1862K [0x00000000eb150000, 0x00000000ec6b0000, 0x0000000100000000)
   the space 21888K,   8% used [0x00000000eb150000, 0x00000000eb321ae8, 0x00000000eb321c00, 0x00000000ec6b0000)
 Metaspace       used 7590K, capacity 7722K, committed 7936K, reserved 1056768K
  class space    used 944K, capacity 977K, committed 1024K, reserved 1048576K
}
Event: 3.371 GC heap before
{Heap before GC invocations=4 (full 0):
 def new generation   total 9792K, used 9501K [0x00000000e0a00000, 0x00000000e14a0000, 0x00000000eb150000)
  eden space 8704K, 100% used [0x00000000e0a00000, 0x00000000e1280000, 0x00000000e1280000)
  from space 1088K,  73% used [0x00000000e1280000, 0x00000000e13477a0, 0x00000000e1390000)
  to   space 1088K,   0% used [0x00000000e1390000, 0x00000000e1390000, 0x00000000e14a0000)
 tenured generation   total 21888K, used 1862K [0x00000000eb150000, 0x00000000ec6b0000, 0x0000000100000000)
   the space 21888K,   8% used [0x00000000eb150000, 0x00000000eb321ae8, 0x00000000eb321c00, 0x00000000ec6b0000)
 Metaspace       used 8325K, capacity 8362K, committed 8576K, reserved 1056768K
  class space    used 1032K, capacity 1041K, committed 1152K, reserved 1048576K
Event: 3.373 GC heap after
Heap after GC invocations=5 (full 0):
 def new generation   total 9792K, used 665K [0x00000000e0a00000, 0x00000000e14a0000, 0x00000000eb150000)
  eden space 8704K,   0% used [0x00000000e0a00000, 0x00000000e0a00000, 0x00000000e1280000)
  from space 1088K,  61% used [0x00000000e1390000, 0x00000000e1436658, 0x00000000e14a0000)
  to   space 1088K,   0% used [0x00000000e1280000, 0x00000000e1280000, 0x00000000e1390000)
 tenured generation   total 21888K, used 2036K [0x00000000eb150000, 0x00000000ec6b0000, 0x0000000100000000)
   the space 21888K,   9% used [0x00000000eb150000, 0x00000000eb34d128, 0x00000000eb34d200, 0x00000000ec6b0000)
 Metaspace       used 8325K, capacity 8362K, committed 8576K, reserved 1056768K
  class space    used 1032K, capacity 1041K, committed 1152K, reserved 1048576K
}

