# JRE version: Java(TM) SE Runtime Environment (8.0_111-b14) (build 1.8.0_111-b14)
# Java VM: Java HotSpot(TM) 64-Bit Server VM (25.111-b14 mixed mode linux-amd64 compressed oops)
Heap:
 def new generation   total 9792K, used 9082K [0x00000000e0a00000, 0x00000000e14a0000, 0x00000000eb150000)
  eden space 8704K,  99% used [0x00000000e0a00000, 0x00000000e126e370, 0x00000000e1280000)
  from space 1088K,  41% used [0x00000000e1390000, 0x00000000e1400580, 0x00000000e14a0000)
  to   space 1088K,   0% used [0x00000000e1280000, 0x00000000e1280000, 0x00000000e1390000)
 tenured generation   total 21888K, used 4974K [0x00000000eb150000, 0x00000000ec6b0000, 0x0000000100000000)
   the space 21888K,  22% used [0x00000000eb150000, 0x00000000eb62b800, 0x00000000eb62b800, 0x00000000ec6b0000)
 Metaspace       used 14642K, capacity 14828K, committed 14976K, reserved 1062912K
  class space    used 1817K, capacity 1873K, committed 1920K, reserved 1048576K
GC Heap History (10 events):
Event: 5.099 GC heap before
{Heap before GC invocations=4 (full 0):
 def new generation   total 9792K, used 9541K [0x00000000e0a00000, 0x00000000e14a0000, 0x00000000eb150000)
  eden space 8704K, 100% used [0x00000000e0a00000, 0x00000000e1280000, 0x00000000e1280000)
  from space 1088K,  76% used [0x00000000e1280000, 0x00000000e13516c0, 0x00000000e1390000)
  to   space 1088K,   0% used [0x00000000e1390000, 0x00000000e1390000, 0x00000000e14a0000)
 tenured generation   total 21888K, used 1986K [0x00000000eb150000, 0x00000000ec6b0000, 0x0000000100000000)
   the space 21888K,   9% used [0x00000000eb150000, 0x00000000eb340b20, 0x00000000eb340c00, 0x00000000ec6b0000)
 Metaspace       used 9576K, capacity 9652K, committed 9984K, reserved 1058816K
  class space    used 1152K, capacity 1200K, committed 1280K, reserved 1048576K
Event: 5.100 GC heap after
Heap after GC invocations=5 (full 0):
 def new generation   total 9792K, used 849K [0x00000000e0a00000, 0x00000000e14a0000, 0x00000000eb150000)
  eden space 8704K,   0% used [0x00000000e0a00000, 0x00000000e0a00000, 0x00000000e1280000)
  from space 1088K,  78% used [0x00000000e1390000, 0x00000000e1464610, 0x00000000e14a0000)
  to   space 1088K,   0% used [0x00000000e1280000, 0x00000000e1280000, 0x00000000e1390000)
 tenured generation   total 21888K, used 2337K [0x00000000eb150000, 0x00000000ec6b0000, 0x0000000100000000)
   the space 21888K,  10% used [0x00000000eb150000, 0x00000000eb3986d0, 0x00000000eb398800, 0x00000000ec6b0000)
 Metaspace       used 9576K, capacity 9652K, committed 9984K, reserved 1058816K
  class space    used 1152K, capacity 1200K, committed 1280K, reserved 1048576K
}
Event: 5.542 GC heap before
{Heap before GC invocations=5 (full 0):
 def new generation   total 9792K, used 9553K [0x00000000e0a00000, 0x00000000e14a0000, 0x00000000eb150000)
  eden space 8704K, 100% used [0x00000000e0a00000, 0x00000000e1280000, 0x00000000e1280000)
  from space 1088K,  78% used [0x00000000e1390000, 0x00000000e1464610, 0x00000000e14a0000)
  to   space 1088K,   0% used [0x00000000e1280000, 0x00000000e1280000, 0x00000000e1390000)
 tenured generation   total 21888K, used 2337K [0x00000000eb150000, 0x00000000ec6b0000, 0x0000000100000000)
   the space 21888K,  10% used [0x00000000eb150000, 0x00000000eb3986d0, 0x00000000eb398800, 0x00000000ec6b0000)
 Metaspace       used 10299K, capacity 10420K, committed 10496K, reserved 1058816K
  class space    used 1239K, capacity 1264K, committed 1280K, reserved 1048576K
Event: 5.558 GC heap after
Heap after GC invocations=6 (full 0):
 def new generation   total 9792K, used 628K [0x00000000e0a00000, 0x00000000e14a0000, 0x00000000eb150000)
  eden space 8704K,   0% used [0x00000000e0a00000, 0x00000000e0a00000, 0x00000000e1280000)
  from space 1088K,  57% used [0x00000000e1280000, 0x00000000e131d220, 0x00000000e1390000)
  to   space 1088K,   0% used [0x00000000e1390000, 0x00000000e1390000, 0x00000000e14a0000)
 tenured generation   total 21888K, used 2528K [0x00000000eb150000, 0x00000000ec6b0000, 0x0000000100000000)
   the space 21888K,  11% used [0x00000000eb150000, 0x00000000eb3c80f8, 0x00000000eb3c8200, 0x00000000ec6b0000)
 Metaspace       used 10299K, capacity 10420K, committed 10496K, reserved 1058816K
  class space    used 1239K, capacity 1264K, committed 1280K, reserved 1048576K
}
Event: 6.382 GC heap before
{Heap before GC invocations=6 (full 0):
 def new generation   total 9792K, used 9332K [0x00000000e0a00000, 0x00000000e14a0000, 0x00000000eb150000)
  eden space 8704K, 100% used [0x00000000e0a00000, 0x00000000e1280000, 0x00000000e1280000)
  from space 1088K,  57% used [0x00000000e1280000, 0x00000000e131d220, 0x00000000e1390000)
  to   space 1088K,   0% used [0x00000000e1390000, 0x00000000e1390000, 0x00000000e14a0000)
 tenured generation   total 21888K, used 2528K [0x00000000eb150000, 0x00000000ec6b0000, 0x0000000100000000)
   the space 21888K,  11% used [0x00000000eb150000, 0x00000000eb3c80f8, 0x00000000eb3c8200, 0x00000000ec6b0000)
 Metaspace       used 12277K, capacity 12422K, committed 12544K, reserved 1060864K
  class space    used 1491K, capacity 1526K, committed 1536K, reserved 1048576K
Event: 6.385 GC heap after
Heap after GC invocations=7 (full 0):
 def new generation   total 9792K, used 1087K [0x00000000e0a00000, 0x00000000e14a0000, 0x00000000eb150000)
  eden space 8704K,   0% used [0x00000000e0a00000, 0x00000000e0a00000, 0x00000000e1280000)
  from space 1088K,  99% used [0x00000000e1390000, 0x00000000e149ffe0, 0x00000000e14a0000)
  to   space 1088K,   0% used [0x00000000e1280000, 0x00000000e1280000, 0x00000000e1390000)
 tenured generation   total 21888K, used 2718K [0x00000000eb150000, 0x00000000ec6b0000, 0x0000000100000000)
   the space 21888K,  12% used [0x00000000eb150000, 0x00000000eb3f79e8, 0x00000000eb3f7a00, 0x00000000ec6b0000)
 Metaspace       used 12277K, capacity 12422K, committed 12544K, reserved 1060864K
  class space    used 1491K, capacity 1526K, committed 1536K, reserved 1048576K
}
Event: 6.785 GC heap before
{Heap before GC invocations=7 (full 0):
 def new generation   total 9792K, used 9791K [0x00000000e0a00000, 0x00000000e14a0000, 0x00000000eb150000)
  eden space 8704K, 100% used [0x00000000e0a00000, 0x00000000e1280000, 0x00000000e1280000)
  from space 1088K,  99% used [0x00000000e1390000, 0x00000000e149ffe0, 0x00000000e14a0000)
  to   space 1088K,   0% used [0x00000000e1280000, 0x00000000e1280000, 0x00000000e1390000)
 tenured generation   total 21888K, used 2718K [0x00000000eb150000, 0x00000000ec6b0000, 0x0000000100000000)
   the space 21888K,  12% used [0x00000000eb150000, 0x00000000eb3f79e8, 0x00000000eb3f7a00, 0x00000000ec6b0000)
 Metaspace       used 12757K, capacity 12906K, committed 13184K, reserved 1060864K
  class space    used 1552K, capacity 1596K, committed 1664K, reserved 1048576K
Event: 6.791 GC heap after
Heap after GC invocations=8 (full 0):
 def new generation   total 9792K, used 1087K [0x00000000e0a00000, 0x00000000e14a0000, 0x00000000eb150000)
  eden space 8704K,   0% used [0x00000000e0a00000, 0x00000000e0a00000, 0x00000000e1280000)
  from space 1088K,  99% used [0x00000000e1280000, 0x00000000e138fff8, 0x00000000e1390000)
  to   space 1088K,   0% used [0x00000000e1390000, 0x00000000e1390000, 0x00000000e14a0000)
 tenured generation   total 21888K, used 3891K [0x00000000eb150000, 0x00000000ec6b0000, 0x0000000100000000)
   the space 21888K,  17% used [0x00000000eb150000, 0x00000000eb51cc90, 0x00000000eb51ce00, 0x00000000ec6b0000)
 Metaspace       used 12757K, capacity 12906K, committed 13184K, reserved 1060864K
  class space    used 1552K, capacity 1596K, committed 1664K, reserved 1048576K
}
Event: 7.238 GC heap before
{Heap before GC invocations=8 (full 0):
 def new generation   total 9792K, used 9791K [0x00000000e0a00000, 0x00000000e14a0000, 0x00000000eb150000)
  eden space 8704K, 100% used [0x00000000e0a00000, 0x00000000e1280000, 0x00000000e1280000)
  from space 1088K,  99% used [0x00000000e1280000, 0x00000000e138fff8, 0x00000000e1390000)
  to   space 1088K,   0% used [0x00000000e1390000, 0x00000000e1390000, 0x00000000e14a0000)
 tenured generation   total 21888K, used 3891K [0x00000000eb150000, 0x00000000ec6b0000, 0x0000000100000000)
   the space 21888K,  17% used [0x00000000eb150000, 0x00000000eb51cc90, 0x00000000eb51ce00, 0x00000000ec6b0000)
 Metaspace       used 13167K, capacity 13290K, committed 13440K, reserved 1060864K
  class space    used 1620K, capacity 1660K, committed 1664K, reserved 1048576K
Event: 7.406 GC heap after
Heap after GC invocations=9 (full 0):
 def new generation   total 9792K, used 449K [0x00000000e0a00000, 0x00000000e14a0000, 0x00000000eb150000)
  eden space 8704K,   0% used [0x00000000e0a00000, 0x00000000e0a00000, 0x00000000e1280000)
  from space 1088K,  41% used [0x00000000e1390000, 0x00000000e1400580, 0x00000000e14a0000)
  to   space 1088K,   0% used [0x00000000e1280000, 0x00000000e1280000, 0x00000000e1390000)
 tenured generation   total 21888K, used 4974K [0x00000000eb150000, 0x00000000ec6b0000, 0x0000000100000000)
   the space 21888K,  22% used [0x00000000eb150000, 0x00000000eb62b800, 0x00000000eb62b800, 0x00000000ec6b0000)
 Metaspace       used 13167K, capacity 13290K, committed 13440K, reserved 1060864K
  class space    used 1620K, capacity 1660K, committed 1664K, reserved 1048576K
}

